c:\heajung\github\function_test\directx-graphics-samples\samples\desktop\d3d12raytracing\src\d3d12raytracingproceduralgeometry\obj\x64\debug\d3d12raytracingproceduralgeometry.pch
c:\heajung\github\function_test\directx-graphics-samples\samples\desktop\d3d12raytracing\src\d3d12raytracingproceduralgeometry\obj\x64\debug\vc141.pdb
c:\heajung\github\function_test\directx-graphics-samples\samples\desktop\d3d12raytracing\src\d3d12raytracingproceduralgeometry\obj\x64\debug\vc141.idb
c:\heajung\github\function_test\directx-graphics-samples\samples\desktop\d3d12raytracing\src\d3d12raytracingproceduralgeometry\obj\x64\debug\stdafx.obj
c:\heajung\github\function_test\directx-graphics-samples\samples\desktop\d3d12raytracing\src\d3d12raytracingproceduralgeometry\obj\x64\debug\win32application.obj
c:\heajung\github\function_test\directx-graphics-samples\samples\desktop\d3d12raytracing\src\d3d12raytracingproceduralgeometry\obj\x64\debug\performancetimers.obj
c:\heajung\github\function_test\directx-graphics-samples\samples\desktop\d3d12raytracing\src\d3d12raytracingproceduralgeometry\obj\x64\debug\dxsample.obj
c:\heajung\github\function_test\directx-graphics-samples\samples\desktop\d3d12raytracing\src\d3d12raytracingproceduralgeometry\obj\x64\debug\deviceresources.obj
c:\heajung\github\function_test\directx-graphics-samples\samples\desktop\d3d12raytracing\src\d3d12raytracingproceduralgeometry\obj\x64\debug\main.obj
c:\heajung\github\function_test\directx-graphics-samples\samples\desktop\d3d12raytracing\src\d3d12raytracingproceduralgeometry\obj\x64\debug\d3d12raytracingproceduralgeometry.obj
c:\heajung\github\directx-graphics-samples\samples\desktop\d3d12raytracing\src\d3d12raytracingproceduralgeometry\obj\x64\debug\d3d12raytracingproceduralgeometry.pch
c:\heajung\github\directx-graphics-samples\samples\desktop\d3d12raytracing\src\d3d12raytracingproceduralgeometry\obj\x64\debug\vc141.pdb
c:\heajung\github\directx-graphics-samples\samples\desktop\d3d12raytracing\src\d3d12raytracingproceduralgeometry\obj\x64\debug\vc141.idb
c:\heajung\github\directx-graphics-samples\samples\desktop\d3d12raytracing\src\d3d12raytracingproceduralgeometry\obj\x64\debug\stdafx.obj
c:\heajung\github\directx-graphics-samples\samples\desktop\d3d12raytracing\src\d3d12raytracingproceduralgeometry\obj\x64\debug\win32application.obj
c:\heajung\github\directx-graphics-samples\samples\desktop\d3d12raytracing\src\d3d12raytracingproceduralgeometry\obj\x64\debug\performancetimers.obj
c:\heajung\github\directx-graphics-samples\samples\desktop\d3d12raytracing\src\d3d12raytracingproceduralgeometry\obj\x64\debug\dxsample.obj
c:\heajung\github\directx-graphics-samples\samples\desktop\d3d12raytracing\src\d3d12raytracingproceduralgeometry\obj\x64\debug\deviceresources.obj
c:\heajung\github\directx-graphics-samples\samples\desktop\d3d12raytracing\src\d3d12raytracingproceduralgeometry\obj\x64\debug\main.obj
c:\heajung\github\directx-graphics-samples\samples\desktop\d3d12raytracing\src\d3d12raytracingproceduralgeometry\obj\x64\debug\d3d12raytracingproceduralgeometry.obj
c:\heajung\github\function_test\directx-graphics-samples\samples\desktop\d3d12raytracing\src\d3d12raytracingproceduralgeometry\bin\x64\debug\raytracing.cso
c:\heajung\github\function_test\directx-graphics-samples\samples\desktop\d3d12raytracing\src\d3d12raytracingproceduralgeometry\obj\x64\debug\compiledshaders\raytracing.hlsl.h
c:\heajung\github\directx-graphics-samples\samples\desktop\d3d12raytracing\src\d3d12raytracingproceduralgeometry\bin\x64\debug\raytracing.cso
c:\heajung\github\directx-graphics-samples\samples\desktop\d3d12raytracing\src\d3d12raytracingproceduralgeometry\obj\x64\debug\compiledshaders\raytracing.hlsl.h
c:\heajung\github\function_test\directx-graphics-samples\samples\desktop\d3d12raytracing\src\d3d12raytracingproceduralgeometry\bin\x64\debug\d3d12raytracingproceduralgeometry.exe
c:\heajung\github\function_test\directx-graphics-samples\samples\desktop\d3d12raytracing\src\d3d12raytracingproceduralgeometry\bin\x64\debug\d3d12raytracingproceduralgeometry.ilk
c:\heajung\github\function_test\directx-graphics-samples\samples\desktop\d3d12raytracing\src\d3d12raytracingproceduralgeometry\bin\x64\debug\d3d12raytracingproceduralgeometry.pdb
c:\heajung\github\directx-graphics-samples\samples\desktop\d3d12raytracing\src\d3d12raytracingproceduralgeometry\bin\x64\debug\d3d12raytracingproceduralgeometry.exe
c:\heajung\github\directx-graphics-samples\samples\desktop\d3d12raytracing\src\d3d12raytracingproceduralgeometry\bin\x64\debug\d3d12raytracingproceduralgeometry.ilk
c:\heajung\github\directx-graphics-samples\samples\desktop\d3d12raytracing\src\d3d12raytracingproceduralgeometry\bin\x64\debug\d3d12raytracingproceduralgeometry.pdb
c:\heajung\github\directx-graphics-samples\samples\desktop\d3d12raytracing\src\d3d12raytracingproceduralgeometry\obj\x64\debug\d3d12ray.0c266269.tlog\cl.command.1.tlog
c:\heajung\github\directx-graphics-samples\samples\desktop\d3d12raytracing\src\d3d12raytracingproceduralgeometry\obj\x64\debug\d3d12ray.0c266269.tlog\cl.read.1.tlog
c:\heajung\github\directx-graphics-samples\samples\desktop\d3d12raytracing\src\d3d12raytracingproceduralgeometry\obj\x64\debug\d3d12ray.0c266269.tlog\cl.write.1.tlog
c:\heajung\github\directx-graphics-samples\samples\desktop\d3d12raytracing\src\d3d12raytracingproceduralgeometry\obj\x64\debug\d3d12ray.0c266269.tlog\dxc.command.1.tlog
c:\heajung\github\directx-graphics-samples\samples\desktop\d3d12raytracing\src\d3d12raytracingproceduralgeometry\obj\x64\debug\d3d12ray.0c266269.tlog\dxc.read.1.tlog
c:\heajung\github\directx-graphics-samples\samples\desktop\d3d12raytracing\src\d3d12raytracingproceduralgeometry\obj\x64\debug\d3d12ray.0c266269.tlog\dxc.write.1.tlog
c:\heajung\github\directx-graphics-samples\samples\desktop\d3d12raytracing\src\d3d12raytracingproceduralgeometry\obj\x64\debug\d3d12ray.0c266269.tlog\link.command.1.tlog
c:\heajung\github\directx-graphics-samples\samples\desktop\d3d12raytracing\src\d3d12raytracingproceduralgeometry\obj\x64\debug\d3d12ray.0c266269.tlog\link.read.1.tlog
c:\heajung\github\directx-graphics-samples\samples\desktop\d3d12raytracing\src\d3d12raytracingproceduralgeometry\obj\x64\debug\d3d12ray.0c266269.tlog\link.write.1.tlog
